weixin/build/outputs/logs/manifest-merger-debug-report.txt
-- Merging decision tree log ---
manifest
ADDED from src\main\AndroidManifest.xml:2:1-314:12
	package
		ADDED from src\main\AndroidManifest.xml:3:5-30
		INJECTED from src\main\AndroidManifest.xml
		INJECTED from src\main\AndroidManifest.xml
	android:versionName
		ADDED from src\main\AndroidManifest.xml:5:5-30
		INJECTED from src\main\AndroidManifest.xml
		INJECTED from src\main\AndroidManifest.xml
	android:versionCode
		ADDED from src\main\AndroidManifest.xml:4:5-28
		INJECTED from src\main\AndroidManifest.xml
		INJECTED from src\main\AndroidManifest.xml
	xmlns:android
		ADDED from src\main\AndroidManifest.xml:2:11-69
uses-sdk
ADDED from src\main\AndroidManifest.xml:7:5-9:41
MERGED from [com.android.support:appcompat-v7:18.0.0] AndroidManifest.xml:18:5-42
	android:targetSdkVersion
		ADDED from src\main\AndroidManifest.xml:9:9-38
		INJECTED from src\main\AndroidManifest.xml
		INJECTED from src\main\AndroidManifest.xml
	android:minSdkVersion
		ADDED from src\main\AndroidManifest.xml:8:9-35
		INJECTED from src\main\AndroidManifest.xml
		INJECTED from src\main\AndroidManifest.xml
uses-permission#android.permission.CAMERA
ADDED from src\main\AndroidManifest.xml:11:5-65
	android:name
		ADDED from src\main\AndroidManifest.xml:11:22-62
uses-permission#android.permission.INTERNET
ADDED from src\main\AndroidManifest.xml:12:5-67
	android:name
		ADDED from src\main\AndroidManifest.xml:12:22-64
uses-permission#android.permission.READ_PHONE_STATE
ADDED from src\main\AndroidManifest.xml:13:5-75
	android:name
		ADDED from src\main\AndroidManifest.xml:13:22-72
uses-permission#android.permission.ACCESS_NETWORK_STATE
ADDED from src\main\AndroidManifest.xml:14:5-79
	android:name
		ADDED from src\main\AndroidManifest.xml:14:22-76
uses-permission#android.permission.READ_CONTACTS
ADDED from src\main\AndroidManifest.xml:15:5-72
	android:name
		ADDED from src\main\AndroidManifest.xml:15:22-69
uses-permission#android.permission.VIBRATE
ADDED from src\main\AndroidManifest.xml:17:5-66
	android:name
		ADDED from src\main\AndroidManifest.xml:17:22-63
uses-permission#android.permission.RECORD_AUDIO
ADDED from src\main\AndroidManifest.xml:19:5-71
	android:name
		ADDED from src\main\AndroidManifest.xml:19:22-68
uses-permission#android.permission.ACCESS_MOCK_LOCATION
ADDED from src\main\AndroidManifest.xml:22:5-79
	android:name
		ADDED from src\main\AndroidManifest.xml:22:22-76
uses-permission#android.permission.WRITE_EXTERNAL_STORAGE
ADDED from src\main\AndroidManifest.xml:23:5-81
	android:name
		ADDED from src\main\AndroidManifest.xml:23:22-78
uses-permission#android.permission.MOUNT_UNMOUNT_FILESYSTEMS
ADDED from src\main\AndroidManifest.xml:24:5-84
	android:name
		ADDED from src\main\AndroidManifest.xml:24:22-81
uses-permission#android.permission.ACCESS_FINE_LOCATION
ADDED from src\main\AndroidManifest.xml:25:5-79
	android:name
		ADDED from src\main\AndroidManifest.xml:25:22-76
uses-permission#android.permission.GET_TASKS
ADDED from src\main\AndroidManifest.xml:26:5-68
	android:name
		ADDED from src\main\AndroidManifest.xml:26:22-65
uses-permission#android.permission.ACCESS_WIFI_STATE
ADDED from src\main\AndroidManifest.xml:27:5-76
	android:name
		ADDED from src\main\AndroidManifest.xml:27:22-73
uses-permission#android.permission.CHANGE_WIFI_STATE
ADDED from src\main\AndroidManifest.xml:28:5-76
	android:name
		ADDED from src\main\AndroidManifest.xml:28:22-73
uses-permission#android.permission.WAKE_LOCK
ADDED from src\main\AndroidManifest.xml:29:5-68
	android:name
		ADDED from src\main\AndroidManifest.xml:29:22-65
uses-permission#android.permission.MODIFY_AUDIO_SETTINGS
ADDED from src\main\AndroidManifest.xml:30:5-80
	android:name
		ADDED from src\main\AndroidManifest.xml:30:22-77
uses-permission#android.permission.RECEIVE_BOOT_COMPLETED
ADDED from src\main\AndroidManifest.xml:32:5-81
	android:name
		ADDED from src\main\AndroidManifest.xml:32:22-78
uses-permission#android.permission.GET_ACCOUNTS
ADDED from src\main\AndroidManifest.xml:34:5-71
	android:name
		ADDED from src\main\AndroidManifest.xml:34:22-68
uses-permission#android.permission.USE_CREDENTIALS
ADDED from src\main\AndroidManifest.xml:35:5-74
	android:name
		ADDED from src\main\AndroidManifest.xml:35:22-71
uses-permission#android.permission.MANAGE_ACCOUNTS
ADDED from src\main\AndroidManifest.xml:36:5-74
	android:name
		ADDED from src\main\AndroidManifest.xml:36:22-71
uses-permission#android.permission.AUTHENTICATE_ACCOUNTS
ADDED from src\main\AndroidManifest.xml:37:5-80
	android:name
		ADDED from src\main\AndroidManifest.xml:37:22-77
uses-permission#com.android.launcher.permission.READ_SETTINGS
ADDED from src\main\AndroidManifest.xml:38:5-85
	android:name
		ADDED from src\main\AndroidManifest.xml:38:22-82
uses-permission#android.permission.BROADCAST_STICKY
ADDED from src\main\AndroidManifest.xml:39:5-75
	android:name
		ADDED from src\main\AndroidManifest.xml:39:22-72
uses-permission#android.permission.WRITE_SETTINGS
ADDED from src\main\AndroidManifest.xml:40:5-73
	android:name
		ADDED from src\main\AndroidManifest.xml:40:22-70
uses-permission#android.permission.ACCESS_DOWNLOAD_MANAGER
ADDED from src\main\AndroidManifest.xml:43:5-81
	android:name
		ADDED from src\main\AndroidManifest.xml:43:22-79
uses-permission#android.permission.DOWNLOAD_WITHOUT_NOTIFICATION
ADDED from src\main\AndroidManifest.xml:44:5-88
	android:name
		ADDED from src\main\AndroidManifest.xml:44:22-85
uses-permission#android.permission.DISABLE_KEYGUARD
ADDED from src\main\AndroidManifest.xml:45:5-75
	android:name
		ADDED from src\main\AndroidManifest.xml:45:22-72
uses-permission#android.permission.ACCESS_COARSE_LOCATION
ADDED from src\main\AndroidManifest.xml:46:5-81
	android:name
		ADDED from src\main\AndroidManifest.xml:46:22-78
application
ADDED from src\main\AndroidManifest.xml:48:5-312:19
MERGED from [com.android.support:appcompat-v7:18.0.0] AndroidManifest.xml:19:5-20
	android:label
		ADDED from src\main\AndroidManifest.xml:52:9-41
	android:allowBackup
		ADDED from src\main\AndroidManifest.xml:49:9-35
	android:icon
		ADDED from src\main\AndroidManifest.xml:51:9-38
	android:theme
		ADDED from src\main\AndroidManifest.xml:53:9-40
	android:name
		ADDED from src\main\AndroidManifest.xml:50:9-43
activity#com.juns.wechat.SplashActivity
ADDED from src\main\AndroidManifest.xml:54:9-63:20
	android:screenOrientation
		ADDED from src\main\AndroidManifest.xml:56:13-49
	android:label
		ADDED from src\main\AndroidManifest.xml:57:13-45
	android:name
		ADDED from src\main\AndroidManifest.xml:55:13-43
intent-filter#android.intent.action.MAIN+android.intent.category.LAUNCHER
ADDED from src\main\AndroidManifest.xml:58:13-62:29
action#android.intent.action.MAIN
ADDED from src\main\AndroidManifest.xml:59:17-69
	android:name
		ADDED from src\main\AndroidManifest.xml:59:25-66
category#android.intent.category.LAUNCHER
ADDED from src\main\AndroidManifest.xml:61:17-77
	android:name
		ADDED from src\main\AndroidManifest.xml:61:27-74
activity#com.juns.wechat.MainActivity
ADDED from src\main\AndroidManifest.xml:64:9-66:20
	android:screenOrientation
		ADDED from src\main\AndroidManifest.xml:65:43-79
	android:name
		ADDED from src\main\AndroidManifest.xml:65:13-41
activity#com.juns.wechat.view.activity.LoginActivity
ADDED from src\main\AndroidManifest.xml:67:9-69:20
	android:screenOrientation
		ADDED from src\main\AndroidManifest.xml:68:58-94
	android:name
		ADDED from src\main\AndroidManifest.xml:68:13-56
activity#com.juns.wechat.view.activity.RegisterActivity
ADDED from src\main\AndroidManifest.xml:70:9-72:20
	android:screenOrientation
		ADDED from src\main\AndroidManifest.xml:71:61-97
	android:name
		ADDED from src\main\AndroidManifest.xml:71:13-59
activity#com.juns.wechat.view.activity.FriendMsgActivity
ADDED from src\main\AndroidManifest.xml:73:9-75:20
	android:screenOrientation
		ADDED from src\main\AndroidManifest.xml:74:62-98
	android:name
		ADDED from src\main\AndroidManifest.xml:74:13-60
activity#com.juns.wechat.view.activity.PublishUserListActivity
ADDED from src\main\AndroidManifest.xml:76:9-78:20
	android:screenOrientation
		ADDED from src\main\AndroidManifest.xml:77:68-104
	android:name
		ADDED from src\main\AndroidManifest.xml:77:13-66
activity#com.juns.wechat.view.activity.PublicActivity
ADDED from src\main\AndroidManifest.xml:79:9-81:20
	android:screenOrientation
		ADDED from src\main\AndroidManifest.xml:80:59-95
	android:name
		ADDED from src\main\AndroidManifest.xml:80:13-57
activity#com.juns.wechat.view.activity.SearchActivity
ADDED from src\main\AndroidManifest.xml:82:9-84:20
	android:screenOrientation
		ADDED from src\main\AndroidManifest.xml:83:59-95
	android:name
		ADDED from src\main\AndroidManifest.xml:83:13-57
activity#com.juns.wechat.view.activity.NewFriendsListActivity
ADDED from src\main\AndroidManifest.xml:85:9-87:20
	android:screenOrientation
		ADDED from src\main\AndroidManifest.xml:86:67-103
	android:name
		ADDED from src\main\AndroidManifest.xml:86:13-65
activity#com.juns.wechat.view.activity.GroupListActivity
ADDED from src\main\AndroidManifest.xml:88:9-90:20
	android:screenOrientation
		ADDED from src\main\AndroidManifest.xml:89:62-98
	android:name
		ADDED from src\main\AndroidManifest.xml:89:13-60
activity#com.juns.wechat.view.activity.PublishMsgListActivity
ADDED from src\main\AndroidManifest.xml:91:9-93:20
	android:screenOrientation
		ADDED from src\main\AndroidManifest.xml:92:67-103
	android:name
		ADDED from src\main\AndroidManifest.xml:92:13-65
activity#com.juns.wechat.view.activity.SettingActivity
ADDED from src\main\AndroidManifest.xml:94:9-96:20
	android:screenOrientation
		ADDED from src\main\AndroidManifest.xml:95:60-96
	android:name
		ADDED from src\main\AndroidManifest.xml:95:13-58
activity#com.juns.wechat.view.activity.AlbumActivity
ADDED from src\main\AndroidManifest.xml:97:9-99:20
	android:screenOrientation
		ADDED from src\main\AndroidManifest.xml:98:58-94
	android:name
		ADDED from src\main\AndroidManifest.xml:98:13-56
activity#com.juns.wechat.view.activity.PublishMsgDetailActivity
ADDED from src\main\AndroidManifest.xml:100:9-102:20
	android:screenOrientation
		ADDED from src\main\AndroidManifest.xml:101:69-105
	android:name
		ADDED from src\main\AndroidManifest.xml:101:13-67
activity#com.juns.wechat.view.activity.GetMoneyActivity
ADDED from src\main\AndroidManifest.xml:103:9-105:20
	android:screenOrientation
		ADDED from src\main\AndroidManifest.xml:104:61-97
	android:name
		ADDED from src\main\AndroidManifest.xml:104:13-59
activity#com.juns.wechat.view.activity.SetMoneyActivity
ADDED from src\main\AndroidManifest.xml:106:9-108:20
	android:screenOrientation
		ADDED from src\main\AndroidManifest.xml:107:61-97
	android:name
		ADDED from src\main\AndroidManifest.xml:107:13-59
activity#com.juns.wechat.view.activity.AddFromContactActivity
ADDED from src\main\AndroidManifest.xml:109:9-111:20
	android:screenOrientation
		ADDED from src\main\AndroidManifest.xml:110:67-103
	android:name
		ADDED from src\main\AndroidManifest.xml:110:13-65
activity#com.juns.wechat.view.activity.EditUserNameActivity
ADDED from src\main\AndroidManifest.xml:112:9-114:20
	android:screenOrientation
		ADDED from src\main\AndroidManifest.xml:113:65-101
	android:name
		ADDED from src\main\AndroidManifest.xml:113:13-63
activity#com.juns.wechat.view.activity.WebViewActivity
ADDED from src\main\AndroidManifest.xml:115:9-120:20
	android:screenOrientation
		ADDED from src\main\AndroidManifest.xml:117:13-47
	android:windowSoftInputMode
		ADDED from src\main\AndroidManifest.xml:119:13-72
	android:configChanges
		ADDED from src\main\AndroidManifest.xml:118:13-85
	android:name
		ADDED from src\main\AndroidManifest.xml:116:13-58
activity#com.juns.wechat.zxing.CaptureActivity
ADDED from src\main\AndroidManifest.xml:122:9-124:20
	android:screenOrientation
		ADDED from src\main\AndroidManifest.xml:123:52-88
	android:name
		ADDED from src\main\AndroidManifest.xml:123:13-50
activity#com.juns.wechat.view.activity.MyCodeActivity
ADDED from src\main\AndroidManifest.xml:125:9-127:20
	android:screenOrientation
		ADDED from src\main\AndroidManifest.xml:126:59-95
	android:name
		ADDED from src\main\AndroidManifest.xml:126:13-57
service#com.juns.wechat.view.UpdateService
ADDED from src\main\AndroidManifest.xml:128:9-63
	android:name
		ADDED from src\main\AndroidManifest.xml:128:18-52
activity#com.juns.wechat.view.activity.ShareActivity
ADDED from src\main\AndroidManifest.xml:130:9-154:20
	android:label
		ADDED from src\main\AndroidManifest.xml:132:13-45
	android:name
		ADDED from src\main\AndroidManifest.xml:131:13-56
intent-filter#android.intent.action.SEND+android.intent.category.DEFAULT
ADDED from src\main\AndroidManifest.xml:133:13-139:29
action#android.intent.action.SEND
ADDED from src\main\AndroidManifest.xml:134:17-69
	android:name
		ADDED from src\main\AndroidManifest.xml:134:25-66
category#android.intent.category.DEFAULT
ADDED from src\main\AndroidManifest.xml:136:17-76
	android:name
		ADDED from src\main\AndroidManifest.xml:136:27-73
data
ADDED from src\main\AndroidManifest.xml:138:17-52
	android:mimeType
		ADDED from src\main\AndroidManifest.xml:138:23-49
intent-filter#android.intent.action.SEND_MULTIPLE+android.intent.category.DEFAULT
ADDED from src\main\AndroidManifest.xml:147:13-153:29
action#android.intent.action.SEND_MULTIPLE
ADDED from src\main\AndroidManifest.xml:148:17-78
	android:name
		ADDED from src\main\AndroidManifest.xml:148:25-75
activity#com.juns.wechat.chat.ChatActivity
ADDED from src\main\AndroidManifest.xml:157:9-163:20
	android:screenOrientation
		ADDED from src\main\AndroidManifest.xml:160:13-49
	android:launchMode
		ADDED from src\main\AndroidManifest.xml:159:13-43
	android:windowSoftInputMode
		ADDED from src\main\AndroidManifest.xml:162:13-65
	android:configChanges
		ADDED from src\main\AndroidManifest.xml:161:13-85
	android:name
		ADDED from src\main\AndroidManifest.xml:158:13-46
activity#com.juns.wechat.view.activity.AddGroupChatActivity
ADDED from src\main\AndroidManifest.xml:164:9-167:20
	android:screenOrientation
		ADDED from src\main\AndroidManifest.xml:166:13-49
	android:name
		ADDED from src\main\AndroidManifest.xml:165:13-63
activity#com.juns.wechat.view.activity.GroupSettingActivity
ADDED from src\main\AndroidManifest.xml:168:9-171:20
	android:screenOrientation
		ADDED from src\main\AndroidManifest.xml:170:13-49
	android:name
		ADDED from src\main\AndroidManifest.xml:169:13-63
activity#com.juns.wechat.chat.VoiceCallActivity
ADDED from src\main\AndroidManifest.xml:172:9-175:20
	android:screenOrientation
		ADDED from src\main\AndroidManifest.xml:174:13-49
	android:name
		ADDED from src\main\AndroidManifest.xml:173:13-51
activity#com.juns.wechat.chat.VideoCallActivity
ADDED from src\main\AndroidManifest.xml:176:9-179:20
	android:screenOrientation
		ADDED from src\main\AndroidManifest.xml:178:13-49
	android:name
		ADDED from src\main\AndroidManifest.xml:177:13-51
activity#com.juns.wechat.chat.BaiduMapActivity
ADDED from src\main\AndroidManifest.xml:180:9-183:20
	android:screenOrientation
		ADDED from src\main\AndroidManifest.xml:182:13-49
	android:name
		ADDED from src\main\AndroidManifest.xml:181:13-50
activity#com.juns.wechat.chat.AlertDialog
ADDED from src\main\AndroidManifest.xml:184:9-188:20
	android:screenOrientation
		ADDED from src\main\AndroidManifest.xml:187:13-49
	android:theme
		ADDED from src\main\AndroidManifest.xml:186:13-49
	android:name
		ADDED from src\main\AndroidManifest.xml:185:13-45
activity#com.juns.wechat.chat.ContextMenu
ADDED from src\main\AndroidManifest.xml:189:9-193:20
	android:screenOrientation
		ADDED from src\main\AndroidManifest.xml:192:13-49
	android:theme
		ADDED from src\main\AndroidManifest.xml:191:13-49
	android:name
		ADDED from src\main\AndroidManifest.xml:190:13-45
activity#com.juns.wechat.chat.ShowBigImage
ADDED from src\main\AndroidManifest.xml:194:9-198:20
	android:screenOrientation
		ADDED from src\main\AndroidManifest.xml:197:13-49
	android:theme
		ADDED from src\main\AndroidManifest.xml:196:13-52
	android:name
		ADDED from src\main\AndroidManifest.xml:195:13-46
activity#com.juns.wechat.chat.ShowNormalFileActivity
ADDED from src\main\AndroidManifest.xml:199:9-202:20
	android:screenOrientation
		ADDED from src\main\AndroidManifest.xml:201:13-49
	android:name
		ADDED from src\main\AndroidManifest.xml:200:13-56
activity#com.juns.wechat.chat.ShowVideoActivity
ADDED from src\main\AndroidManifest.xml:203:9-208:20
	android:screenOrientation
		ADDED from src\main\AndroidManifest.xml:207:13-49
	android:windowSoftInputMode
		ADDED from src\main\AndroidManifest.xml:206:13-60
	android:theme
		ADDED from src\main\AndroidManifest.xml:205:13-52
	android:name
		ADDED from src\main\AndroidManifest.xml:204:13-51
receiver#com.easemob.chat.StartServiceReceiver
ADDED from src\main\AndroidManifest.xml:210:9-217:20
	android:name
		ADDED from src\main\AndroidManifest.xml:210:19-71
intent-filter#android.intent.action.BOOT_COMPLETED+android.intent.action.QUICKBOOT_POWERON+android.intent.category.LAUNCHER
ADDED from src\main\AndroidManifest.xml:211:13-216:29
	android:priority
		ADDED from src\main\AndroidManifest.xml:211:28-51
action#android.intent.action.BOOT_COMPLETED
ADDED from src\main\AndroidManifest.xml:212:17-79
	android:name
		ADDED from src\main\AndroidManifest.xml:212:25-76
action#android.intent.action.QUICKBOOT_POWERON
ADDED from src\main\AndroidManifest.xml:213:17-82
	android:name
		ADDED from src\main\AndroidManifest.xml:213:25-79
meta-data#EASEMOB_APPKEY
ADDED from src\main\AndroidManifest.xml:221:9-223:43
	android:value
		ADDED from src\main\AndroidManifest.xml:223:13-40
	android:name
		ADDED from src\main\AndroidManifest.xml:222:13-42
service#com.easemob.chat.EMChatService
ADDED from src\main\AndroidManifest.xml:225:9-66
	android:name
		ADDED from src\main\AndroidManifest.xml:225:18-63
service#com.baidu.location.f
ADDED from src\main\AndroidManifest.xml:228:9-232:15
	android:enabled
		ADDED from src\main\AndroidManifest.xml:230:13-35
	android:process
		ADDED from src\main\AndroidManifest.xml:231:13-38
	android:name
		ADDED from src\main\AndroidManifest.xml:229:13-48
meta-data#UMENG_APPKEY
ADDED from src\main\AndroidManifest.xml:234:9-237:21
	android:value
		ADDED from src\main\AndroidManifest.xml:236:13-53
	android:name
		ADDED from src\main\AndroidManifest.xml:235:13-40
meta-data#com.baidu.lbsapi.API_KEY
ADDED from src\main\AndroidManifest.xml:238:9-240:64
	android:value
		ADDED from src\main\AndroidManifest.xml:240:13-61
	android:name
		ADDED from src\main\AndroidManifest.xml:239:13-52
service#com.baidu.android.pushservice.PushService
ADDED from src\main\AndroidManifest.xml:247:9-254:19
	android:process
		ADDED from src\main\AndroidManifest.xml:250:13-44
	android:exported
		ADDED from src\main\AndroidManifest.xml:249:13-36
	android:name
		ADDED from src\main\AndroidManifest.xml:248:13-69
intent-filter#com.baidu.android.pushservice.action.PUSH_SERVICE
ADDED from src\main\AndroidManifest.xml:251:13-253:29
action#com.baidu.android.pushservice.action.PUSH_SERVICE
ADDED from src\main\AndroidManifest.xml:252:17-91
	android:name
		ADDED from src\main\AndroidManifest.xml:252:25-89
service#com.baidu.android.pushservice.CommandService
ADDED from src\main\AndroidManifest.xml:256:9-258:39
	android:exported
		ADDED from src\main\AndroidManifest.xml:258:13-36
	android:name
		ADDED from src\main\AndroidManifest.xml:257:13-72
receiver#com.baidu.android.pushservice.PushServiceReceiver
ADDED from src\main\AndroidManifest.xml:259:9-267:20
	android:process
		ADDED from src\main\AndroidManifest.xml:260:13-44
	android:name
		ADDED from src\main\AndroidManifest.xml:259:19-83
intent-filter#android.intent.action.BOOT_COMPLETED+android.net.conn.CONNECTIVITY_CHANGE+com.baidu.android.pushservice.action.media.CLICK+com.baidu.android.pushservice.action.notification.SHOW
ADDED from src\main\AndroidManifest.xml:261:13-266:29
action#android.net.conn.CONNECTIVITY_CHANGE
ADDED from src\main\AndroidManifest.xml:263:17-79
	android:name
		ADDED from src\main\AndroidManifest.xml:263:25-76
action#com.baidu.android.pushservice.action.notification.SHOW
ADDED from src\main\AndroidManifest.xml:264:17-97
	android:name
		ADDED from src\main\AndroidManifest.xml:264:25-94
action#com.baidu.android.pushservice.action.media.CLICK
ADDED from src\main\AndroidManifest.xml:265:17-91
	android:name
		ADDED from src\main\AndroidManifest.xml:265:25-88
receiver#com.juns.wechat.PushMessageReceiver
ADDED from src\main\AndroidManifest.xml:269:9-277:20
	android:name
		ADDED from src\main\AndroidManifest.xml:269:19-69
intent-filter#com.baidu.android.pushservice.action.MESSAGE+com.baidu.android.pushservice.action.RECEIVE+com.baidu.android.pushservice.action.notification.CLICK
ADDED from src\main\AndroidManifest.xml:270:13-276:29
action#com.baidu.android.pushservice.action.MESSAGE
ADDED from src\main\AndroidManifest.xml:272:17-87
	android:name
		ADDED from src\main\AndroidManifest.xml:272:25-84
action#com.baidu.android.pushservice.action.RECEIVE
ADDED from src\main\AndroidManifest.xml:274:17-87
	android:name
		ADDED from src\main\AndroidManifest.xml:274:25-84
action#com.baidu.android.pushservice.action.notification.CLICK
ADDED from src\main\AndroidManifest.xml:275:17-98
	android:name
		ADDED from src\main\AndroidManifest.xml:275:25-95
meta-data#api_key
ADDED from src\main\AndroidManifest.xml:311:9-86
	android:value
		ADDED from src\main\AndroidManifest.xml:311:43-83
	android:name
		ADDED from src\main\AndroidManifest.xml:311:20-42